<?xml version="1.0" encoding="UTF-8"?>
<testng-results ignored="0" total="1" passed="1" failed="0" skipped="0">
  <reporter-output>
  </reporter-output>
  <suite started-at="2023-01-17T15:23:49 IST" name="Default suite" finished-at="2023-01-17T15:24:16 IST" duration-ms="26327">
    <groups>
    </groups>
    <test started-at="2023-01-17T15:23:49 IST" name="Default test" finished-at="2023-01-17T15:24:16 IST" duration-ms="26327">
      <class name="Testcase.login">
        <test-method signature="Login()[pri:0, instance:Testcase.login@76a4ebf2]" started-at="2023-01-17T15:23:49 IST" name="Login" finished-at="2023-01-17T15:24:16 IST" duration-ms="26180" status="PASS">
          <reporter-output>
          </reporter-output>
        </test-method> <!-- Login -->
      </class> <!-- Testcase.login -->
    </test> <!-- Default test -->
  </suite> <!-- Default suite -->
</testng-results>
